<?xml version="1.0" encoding="UTF-8"?>
<testsuite xmlns:xsi="http://www.w3.org/2001/XMLSchema-instance" xsi:noNamespaceSchemaLocation="https://maven.apache.org/surefire/maven-surefire-plugin/xsd/surefire-test-report-3.0.xsd" version="3.0" name="ReceivOrdersUserTest" time="11.712" tests="2" errors="0" skipped="0" failures="0">
  <properties>
[...]
</properties>
  <testcase name="createReceivOrder_expOk_test" classname="ReceivOrdersUserTest" time="4.349">
    <system-out><![CDATA[HTTP/1.1 200 OK
Date: Thu, 09 Nov 2023 11:59:50 GMT
Content-Type: application/json; charset=utf-8
Transfer-Encoding: chunked
Connection: keep-alive
X-Powered-By: Express
Access-Control-Allow-Origin: *
authorization: Bearer eyJhbGciOiJIUzI1NiIsInR5cCI6IkpXVCJ9.eyJpZCI6IjY1NGNjOWI2OWVkMjgwMDAxYjM3ZGViOCIsImlhdCI6MTY5OTUzMTE5MCwiZXhwIjoxNjk5NTMyMzkwfQ.HmNWRsAkkOFscc1iJ7XDjiDlibKEzKj4vom_3yzHRFY
ETag: W/"164-fEHLFXFtCIWFBfBv8lsqQzMC3gw"
CF-Cache-Status: DYNAMIC
Report-To: {"endpoints":[{"url":"https:\/\/a.nel.cloudflare.com\/report\/v3?s=3%2BF2LOFk5VD%2BIWP%2BfTAjlC7iY2YbouOTle8KKgd2jaMXdROkx4k8HFCC%2FrQemuOWnSOa%2BhzA0YR8Vt3K6UoOnkiwcc0O1hZnLW03reyRy9yJPLBYTqpYt4NEjFOt1ekQ8IO5YeX4sWKtthBr4FhdSomT%2Bmo%3D"}],"group":"cf-nel","max_age":604800}
NEL: {"success_fraction":0,"report_to":"cf-nel","max_age":604800}
Server: cloudflare
CF-RAY: 8235e4564def66fe-AMS
Content-Encoding: gzip
alt-svc: h3=":443"; ma=86400

{
    "success": true,
    "user": {
        "email": "elenau@ya.ru",
        "name": "Elena"
    },
    "accessToken": "Bearer eyJhbGciOiJIUzI1NiIsInR5cCI6IkpXVCJ9.eyJpZCI6IjY1NGNjOWI2OWVkMjgwMDAxYjM3ZGViOCIsImlhdCI6MTY5OTUzMTE5MCwiZXhwIjoxNjk5NTMyMzkwfQ.HmNWRsAkkOFscc1iJ7XDjiDlibKEzKj4vom_3yzHRFY",
    "refreshToken": "3c7e82980808dfc9f028b6170b887b02bbd0a2367e9eb4662c7e27081454209d2169960c73166a3d"
}
HTTP/1.1 200 OK
Date: Thu, 09 Nov 2023 11:59:53 GMT
Content-Type: application/json; charset=utf-8
Transfer-Encoding: chunked
Connection: keep-alive
X-Powered-By: Express
Access-Control-Allow-Origin: *
ETag: W/"501-6Di6WQxOKHXB/qTPx+PZmyMbz60"
CF-Cache-Status: DYNAMIC
Report-To: {"endpoints":[{"url":"https:\/\/a.nel.cloudflare.com\/report\/v3?s=5fBIRq9d4OOQ7eiEFBUEVdg1nln4Ab2BlADBVheJyYRDK0R63XPwgMATdZbfevqGLgVVfpI829t7eEykCB6wiuSnOaiFUOR2g37jhQ9ltf2FD0locFynHGsd%2F3SBIjsM13I9BVK1ktImJ0xkBazdnT6qsY0%3D"}],"group":"cf-nel","max_age":604800}
NEL: {"success_fraction":0,"report_to":"cf-nel","max_age":604800}
Server: cloudflare
CF-RAY: 8235e465fc110bdc-AMS
Content-Encoding: gzip
alt-svc: h3=":443"; ma=86400

{
    "success": true,
    "name": "Био-марсианский метеоритный бургер",
    "order": {
        "ingredients": [
            {
                "_id": "61c0c5a71d1f82001bdaaa70",
                "name": "Говяжий метеорит (отбивная)",
                "type": "main",
                "proteins": 800,
                "fat": 800,
                "carbohydrates": 300,
                "calories": 2674,
                "price": 3000,
                "image": "https://code.s3.yandex.net/react/code/meat-04.png",
                "image_mobile": "https://code.s3.yandex.net/react/code/meat-04-mobile.png",
                "image_large": "https://code.s3.yandex.net/react/code/meat-04-large.png",
                "__v": 0
            },
            {
                "_id": "61c0c5a71d1f82001bdaaa71",
                "name": "Биокотлета из марсианской Магнолии",
                "type": "main",
                "proteins": 420,
                "fat": 142,
                "carbohydrates": 242,
                "calories": 4242,
                "price": 424,
                "image": "https://code.s3.yandex.net/react/code/meat-01.png",
                "image_mobile": "https://code.s3.yandex.net/react/code/meat-01-mobile.png",
                "image_large": "https://code.s3.yandex.net/react/code/meat-01-large.png",
                "__v": 0
            }
        ],
        "_id": "654cc9b99ed280001b37deba",
        "owner": {
            "name": "Elena",
            "email": "elenau@ya.ru",
            "createdAt": "2023-11-09T11:59:50.886Z",
            "updatedAt": "2023-11-09T11:59:50.886Z"
        },
        "status": "done",
        "name": "Био-марсианский метеоритный бургер",
        "createdAt": "2023-11-09T11:59:53.337Z",
        "updatedAt": "2023-11-09T11:59:53.513Z",
        "number": 23887,
        "price": 3424
    }
}
HTTP/1.1 200 OK
Date: Thu, 09 Nov 2023 11:59:54 GMT
Content-Type: application/json; charset=utf-8
Transfer-Encoding: chunked
Connection: keep-alive
X-Powered-By: Express
Access-Control-Allow-Origin: *
ETag: W/"15a-1W5/bV6mgkJJfstIng19DaJxfN0"
CF-Cache-Status: DYNAMIC
Report-To: {"endpoints":[{"url":"https:\/\/a.nel.cloudflare.com\/report\/v3?s=vZ2bc6EItvvWhEtbWEf3btQKHAv4ZiN227099uNwyJMrejAzJB2XWJzbod16uo8%2FPhYcEQdKvLmh%2BUEVZRRB7GiFbiYwlEDgY0ScMrhFIHCnmTOt0%2F%2Bf5DO8vOZdubV1ybnRXb6asLSOyZeHVFjuJhvabW8%3D"}],"group":"cf-nel","max_age":604800}
NEL: {"success_fraction":0,"report_to":"cf-nel","max_age":604800}
Server: cloudflare
CF-RAY: 8235e46b4e150e36-AMS
Content-Encoding: gzip
alt-svc: h3=":443"; ma=86400

{
    "success": true,
    "orders": [
        {
            "_id": "654cc9b99ed280001b37deba",
            "ingredients": [
                "61c0c5a71d1f82001bdaaa70",
                "61c0c5a71d1f82001bdaaa71"
            ],
            "status": "done",
            "name": "Био-марсианский метеоритный бургер",
            "createdAt": "2023-11-09T11:59:53.337Z",
            "updatedAt": "2023-11-09T11:59:53.513Z",
            "number": 23887
        }
    ],
    "total": 23887,
    "totalToday": 40
}
HTTP/1.1 202 Accepted
Date: Thu, 09 Nov 2023 11:59:54 GMT
Content-Type: application/json; charset=utf-8
Content-Length: 54
Connection: keep-alive
X-Powered-By: Express
Access-Control-Allow-Origin: *
ETag: W/"36-hDmZnQ3Ou/ynnqAeC6TYmyseuzY"
CF-Cache-Status: DYNAMIC
Report-To: {"endpoints":[{"url":"https:\/\/a.nel.cloudflare.com\/report\/v3?s=lTYgEC%2BMKMdEABdxO2xAXU%2B3Ur9YBa6dv5TAMayc1GO4UflJmvl7Nj1xS5c1OTIYQzoAdoMmypvkc3X%2BkyXDBZ%2Bc28GooM9d42hrGz8TGIsg%2BQLxgXHA8d2sQWe2wTwRQzbEr6O1KA0lAFK0f26eFYmBjaE%3D"}],"group":"cf-nel","max_age":604800}
NEL: {"success_fraction":0,"report_to":"cf-nel","max_age":604800}
Server: cloudflare
CF-RAY: 8235e46f1ae2661a-AMS
alt-svc: h3=":443"; ma=86400

{
    "success": true,
    "message": "User successfully removed"
}
]]></system-out>
  </testcase>
  <testcase name="createReceivOrder_expFalse_test" classname="ReceivOrdersUserTest" time="7.351">
    <system-out><![CDATA[HTTP/1.1 200 OK
Date: Thu, 09 Nov 2023 11:59:55 GMT
Content-Type: application/json; charset=utf-8
Transfer-Encoding: chunked
Connection: keep-alive
X-Powered-By: Express
Access-Control-Allow-Origin: *
authorization: Bearer eyJhbGciOiJIUzI1NiIsInR5cCI6IkpXVCJ9.eyJpZCI6IjY1NGNjOWJiOWVkMjgwMDAxYjM3ZGViYiIsImlhdCI6MTY5OTUzMTE5NSwiZXhwIjoxNjk5NTMyMzk1fQ.NEmgJyZqFs-aIVxkPUCr5ZcM-5ODGr8Gqga1rk6ReKU
ETag: W/"164-Oszi+zKKSwO1LAoy3nbKwH+4fpE"
CF-Cache-Status: DYNAMIC
Report-To: {"endpoints":[{"url":"https:\/\/a.nel.cloudflare.com\/report\/v3?s=CpwIgtumCokOn1R31xEGW%2BEc9KOU2Qp9rq2MBLiEy3JQu17pLW%2FC5tHt3K%2BrCitD47cicY%2FfI9W9k26Hj0g9liSVeQFyCzEUqDvztLVjNLNaW2brpqyLvmUmYV%2BUZ8xaFJ%2BnpDRpuhyYWCXbaYrRLtSWEVI%3D"}],"group":"cf-nel","max_age":604800}
NEL: {"success_fraction":0,"report_to":"cf-nel","max_age":604800}
Server: cloudflare
CF-RAY: 8235e4720aac0b62-AMS
Content-Encoding: gzip
alt-svc: h3=":443"; ma=86400

{
    "success": true,
    "user": {
        "email": "elenau@ya.ru",
        "name": "Elena"
    },
    "accessToken": "Bearer eyJhbGciOiJIUzI1NiIsInR5cCI6IkpXVCJ9.eyJpZCI6IjY1NGNjOWJiOWVkMjgwMDAxYjM3ZGViYiIsImlhdCI6MTY5OTUzMTE5NSwiZXhwIjoxNjk5NTMyMzk1fQ.NEmgJyZqFs-aIVxkPUCr5ZcM-5ODGr8Gqga1rk6ReKU",
    "refreshToken": "3d061d17dc910cd24288607eb4a4d2bc6a53e991d42aefa192ee04daf8f48f72d6912417111bf4fa"
}
HTTP/1.1 200 OK
Date: Thu, 09 Nov 2023 12:00:01 GMT
Content-Type: application/json; charset=utf-8
Transfer-Encoding: chunked
Connection: keep-alive
X-Powered-By: Express
Access-Control-Allow-Origin: *
ETag: W/"501-0CZUApG8TPDIgZMMbABSONH3wm4"
CF-Cache-Status: DYNAMIC
Report-To: {"endpoints":[{"url":"https:\/\/a.nel.cloudflare.com\/report\/v3?s=e1K4VKe773eAjqTJuBuZTUnneTC3zXKRMFqZkFQASPIeyP0ybmS4LtCPBC08ZY9%2Fwc0vF4yP8pXJIs92vQImftdZS4YucG9ygseuA1NGYjCUzZayxsJDLby%2BBEB0n9AcFnpRY64RZ7ycNm8flO7uYBr2Ks8%3D"}],"group":"cf-nel","max_age":604800}
NEL: {"success_fraction":0,"report_to":"cf-nel","max_age":604800}
Server: cloudflare
CF-RAY: 8235e493fa23667a-AMS
Content-Encoding: gzip
alt-svc: h3=":443"; ma=86400

{
    "success": true,
    "name": "Био-марсианский метеоритный бургер",
    "order": {
        "ingredients": [
            {
                "_id": "61c0c5a71d1f82001bdaaa70",
                "name": "Говяжий метеорит (отбивная)",
                "type": "main",
                "proteins": 800,
                "fat": 800,
                "carbohydrates": 300,
                "calories": 2674,
                "price": 3000,
                "image": "https://code.s3.yandex.net/react/code/meat-04.png",
                "image_mobile": "https://code.s3.yandex.net/react/code/meat-04-mobile.png",
                "image_large": "https://code.s3.yandex.net/react/code/meat-04-large.png",
                "__v": 0
            },
            {
                "_id": "61c0c5a71d1f82001bdaaa71",
                "name": "Биокотлета из марсианской Магнолии",
                "type": "main",
                "proteins": 420,
                "fat": 142,
                "carbohydrates": 242,
                "calories": 4242,
                "price": 424,
                "image": "https://code.s3.yandex.net/react/code/meat-01.png",
                "image_mobile": "https://code.s3.yandex.net/react/code/meat-01-mobile.png",
                "image_large": "https://code.s3.yandex.net/react/code/meat-01-large.png",
                "__v": 0
            }
        ],
        "_id": "654cc9c09ed280001b37debe",
        "owner": {
            "name": "Elena",
            "email": "elenau@ya.ru",
            "createdAt": "2023-11-09T11:59:55.326Z",
            "updatedAt": "2023-11-09T11:59:55.326Z"
        },
        "status": "done",
        "name": "Био-марсианский метеоритный бургер",
        "createdAt": "2023-11-09T12:00:00.658Z",
        "updatedAt": "2023-11-09T12:00:00.872Z",
        "number": 23888,
        "price": 3424
    }
}
HTTP/1.1 401 Unauthorized
Date: Thu, 09 Nov 2023 12:00:01 GMT
Content-Type: application/json; charset=utf-8
Content-Length: 54
Connection: keep-alive
X-Powered-By: Express
Access-Control-Allow-Origin: *
ETag: W/"36-9ndkQYJpZ8s0sMN790Nuh0MLq/U"
CF-Cache-Status: DYNAMIC
Report-To: {"endpoints":[{"url":"https:\/\/a.nel.cloudflare.com\/report\/v3?s=SRC0BLDsWedW%2FTKPqerMav9SFm9L7vto5ZfTH6zmqIrjrlE460JDjNNDpDEBThKN4JdjboaE79rnbJC98vcSqilmlpS40Y%2F0TqN0rBN2CmijuZ8gm1V61FIEzOusg8u2K%2FOAEbb%2BXezQjYJLvxkxwfRJSjo%3D"}],"group":"cf-nel","max_age":604800}
NEL: {"success_fraction":0,"report_to":"cf-nel","max_age":604800}
Server: cloudflare
CF-RAY: 8235e4983cf56576-AMS
alt-svc: h3=":443"; ma=86400

{
    "success": false,
    "message": "You should be authorised"
}
HTTP/1.1 202 Accepted
Date: Thu, 09 Nov 2023 12:00:02 GMT
Content-Type: application/json; charset=utf-8
Content-Length: 54
Connection: keep-alive
X-Powered-By: Express
Access-Control-Allow-Origin: *
ETag: W/"36-hDmZnQ3Ou/ynnqAeC6TYmyseuzY"
CF-Cache-Status: DYNAMIC
Report-To: {"endpoints":[{"url":"https:\/\/a.nel.cloudflare.com\/report\/v3?s=qAnaZIVR0cy0Qo3XEty7p4BFytGzmhavQpQm4eD2NwR3twbtDiesXU7ezJNc%2FeI1kuPYdDQyqYllYqV1PcrmmSZPh86KWdd5Soh4%2FrxLsQufgvJWq4FoLBKf4AWA2RTY2WT9MdMPR%2FVRXOLVl74nUWbeucE%3D"}],"group":"cf-nel","max_age":604800}
NEL: {"success_fraction":0,"report_to":"cf-nel","max_age":604800}
Server: cloudflare
CF-RAY: 8235e49d18da66ba-AMS
alt-svc: h3=":443"; ma=86400

{
    "success": true,
    "message": "User successfully removed"
}
]]></system-out>
  </testcase>
</testsuite>