<?xml version="1.0" encoding="UTF-8"?>
<testsuite xmlns:xsi="http://www.w3.org/2001/XMLSchema-instance" xsi:noNamespaceSchemaLocation="https://maven.apache.org/surefire/maven-surefire-plugin/xsd/surefire-test-report-3.0.xsd" version="3.0" name="CreateOrderTest" time="19.587" tests="5" errors="0" skipped="0" failures="1">
  <properties>
[...]
</properties>
  <testcase name="getInsr" classname="CreateOrderTest" time="7.087">
    <system-out><![CDATA[HTTP/1.1 200 OK
Date: Thu, 09 Nov 2023 11:59:27 GMT
Content-Type: application/json; charset=utf-8
Transfer-Encoding: chunked
Connection: keep-alive
X-Powered-By: Express
Access-Control-Allow-Origin: *
ETag: W/"1745-LHZ7D8kBZWcbCGljCoPXtjB5CeA"
CF-Cache-Status: DYNAMIC
Report-To: {"endpoints":[{"url":"https:\/\/a.nel.cloudflare.com\/report\/v3?s=rT8s0ch9PX6HK6CnIDu6KXYfRahYo4XUOnGtt28etuZw%2FUrVRnhq5jKvoeO%2BNpcszjY5wdZNqbzwgkFhxhKmNDMT5a3kQqhWLfeS6tp1%2FeL5HIGox%2BTe%2FxY4mOnHZ%2BfC6U92pCkFk0vd4Y8aZxXMasLw47Y%3D"}],"group":"cf-nel","max_age":604800}
NEL: {"success_fraction":0,"report_to":"cf-nel","max_age":604800}
Server: cloudflare
CF-RAY: 8235e3c19f3fb7de-AMS
Content-Encoding: gzip
alt-svc: h3=":443"; ma=86400

{
    "success": true,
    "data": [
        {
            "_id": "61c0c5a71d1f82001bdaaa6d",
            "name": "Флюоресцентная булка R2-D3",
            "type": "bun",
            "proteins": 44,
            "fat": 26,
            "carbohydrates": 85,
            "calories": 643,
            "price": 988,
            "image": "https://code.s3.yandex.net/react/code/bun-01.png",
            "image_mobile": "https://code.s3.yandex.net/react/code/bun-01-mobile.png",
            "image_large": "https://code.s3.yandex.net/react/code/bun-01-large.png",
            "__v": 0
        },
        {
            "_id": "61c0c5a71d1f82001bdaaa6f",
            "name": "Мясо бессмертных моллюсков Protostomia",
            "type": "main",
            "proteins": 433,
            "fat": 244,
            "carbohydrates": 33,
            "calories": 420,
            "price": 1337,
            "image": "https://code.s3.yandex.net/react/code/meat-02.png",
            "image_mobile": "https://code.s3.yandex.net/react/code/meat-02-mobile.png",
            "image_large": "https://code.s3.yandex.net/react/code/meat-02-large.png",
            "__v": 0
        },
        {
            "_id": "61c0c5a71d1f82001bdaaa70",
            "name": "Говяжий метеорит (отбивная)",
            "type": "main",
            "proteins": 800,
            "fat": 800,
            "carbohydrates": 300,
            "calories": 2674,
            "price": 3000,
            "image": "https://code.s3.yandex.net/react/code/meat-04.png",
            "image_mobile": "https://code.s3.yandex.net/react/code/meat-04-mobile.png",
            "image_large": "https://code.s3.yandex.net/react/code/meat-04-large.png",
            "__v": 0
        },
        {
            "_id": "61c0c5a71d1f82001bdaaa71",
            "name": "Биокотлета из марсианской Магнолии",
            "type": "main",
            "proteins": 420,
            "fat": 142,
            "carbohydrates": 242,
            "calories": 4242,
            "price": 424,
            "image": "https://code.s3.yandex.net/react/code/meat-01.png",
            "image_mobile": "https://code.s3.yandex.net/react/code/meat-01-mobile.png",
            "image_large": "https://code.s3.yandex.net/react/code/meat-01-large.png",
            "__v": 0
        },
        {
            "_id": "61c0c5a71d1f82001bdaaa72",
            "name": "Соус Spicy-X",
            "type": "sauce",
            "proteins": 30,
            "fat": 20,
            "carbohydrates": 40,
            "calories": 30,
            "price": 90,
            "image": "https://code.s3.yandex.net/react/code/sauce-02.png",
            "image_mobile": "https://code.s3.yandex.net/react/code/sauce-02-mobile.png",
            "image_large": "https://code.s3.yandex.net/react/code/sauce-02-large.png",
            "__v": 0
        },
        {
            "_id": "61c0c5a71d1f82001bdaaa6e",
            "name": "Филе Люминесцентного тетраодонтимформа",
            "type": "main",
            "proteins": 44,
            "fat": 26,
            "carbohydrates": 85,
            "calories": 643,
            "price": 988,
            "image": "https://code.s3.yandex.net/react/code/meat-03.png",
            "image_mobile": "https://code.s3.yandex.net/react/code/meat-03-mobile.png",
            "image_large": "https://code.s3.yandex.net/react/code/meat-03-large.png",
            "__v": 0
        },
        {
            "_id": "61c0c5a71d1f82001bdaaa73",
            "name": "Соус фирменный Space Sauce",
            "type": "sauce",
            "proteins": 50,
            "fat": 22,
            "carbohydrates": 11,
            "calories": 14,
            "price": 80,
            "image": "https://code.s3.yandex.net/react/code/sauce-04.png",
            "image_mobile": "https://code.s3.yandex.net/react/code/sauce-04-mobile.png",
            "image_large": "https://code.s3.yandex.net/react/code/sauce-04-large.png",
            "__v": 0
        },
        {
            "_id": "61c0c5a71d1f82001bdaaa74",
            "name": "Соус традиционный галактический",
            "type": "sauce",
            "proteins": 42,
            "fat": 24,
            "carbohydrates": 42,
            "calories": 99,
            "price": 15,
            "image": "https://code.s3.yandex.net/react/code/sauce-03.png",
            "image_mobile": "https://code.s3.yandex.net/react/code/sauce-03-mobile.png",
            "image_large": "https://code.s3.yandex.net/react/code/sauce-03-large.png",
            "__v": 0
        },
        {
            "_id": "61c0c5a71d1f82001bdaaa6c",
            "name": "Краторная булка N-200i",
            "type": "bun",
            "proteins": 80,
            "fat": 24,
            "carbohydrates": 53,
            "calories": 420,
            "price": 1255,
            "image": "https://code.s3.yandex.net/react/code/bun-02.png",
            "image_mobile": "https://code.s3.yandex.net/react/code/bun-02-mobile.png",
            "image_large": "https://code.s3.yandex.net/react/code/bun-02-large.png",
            "__v": 0
        },
        {
            "_id": "61c0c5a71d1f82001bdaaa75",
            "name": "Соус с шипами Антарианского плоскоходца",
            "type": "sauce",
            "proteins": 101,
            "fat": 99,
            "carbohydrates": 100,
            "calories": 100,
            "price": 88,
            "image": "https://code.s3.yandex.net/react/code/sauce-01.png",
            "image_mobile": "https://code.s3.yandex.net/react/code/sauce-01-mobile.png",
            "image_large": "https://code.s3.yandex.net/react/code/sauce-01-large.png",
            "__v": 0
        },
        {
            "_id": "61c0c5a71d1f82001bdaaa76",
            "name": "Хрустящие минеральные кольца",
            "type": "main",
            "proteins": 808,
            "fat": 689,
            "carbohydrates": 609,
            "calories": 986,
            "price": 300,
            "image": "https://code.s3.yandex.net/react/code/mineral_rings.png",
            "image_mobile": "https://code.s3.yandex.net/react/code/mineral_rings-mobile.png",
            "image_large": "https://code.s3.yandex.net/react/code/mineral_rings-large.png",
            "__v": 0
        },
        {
            "_id": "61c0c5a71d1f82001bdaaa77",
            "name": "Плоды Фалленианского дерева",
            "type": "main",
            "proteins": 20,
            "fat": 5,
            "carbohydrates": 55,
            "calories": 77,
            "price": 874,
            "image": "https://code.s3.yandex.net/react/code/sp_1.png",
            "image_mobile": "https://code.s3.yandex.net/react/code/sp_1-mobile.png",
            "image_large": "https://code.s3.yandex.net/react/code/sp_1-large.png",
            "__v": 0
        },
        {
            "_id": "61c0c5a71d1f82001bdaaa78",
            "name": "Кристаллы марсианских альфа-сахаридов",
            "type": "main",
            "proteins": 234,
            "fat": 432,
            "carbohydrates": 111,
            "calories": 189,
            "price": 762,
            "image": "https://code.s3.yandex.net/react/code/core.png",
            "image_mobile": "https://code.s3.yandex.net/react/code/core-mobile.png",
            "image_large": "https://code.s3.yandex.net/react/code/core-large.png",
            "__v": 0
        },
        {
            "_id": "61c0c5a71d1f82001bdaaa79",
            "name": "Мини-салат Экзо-Плантаго",
            "type": "main",
            "proteins": 1,
            "fat": 2,
            "carbohydrates": 3,
            "calories": 6,
            "price": 4400,
            "image": "https://code.s3.yandex.net/react/code/salad.png",
            "image_mobile": "https://code.s3.yandex.net/react/code/salad-mobile.png",
            "image_large": "https://code.s3.yandex.net/react/code/salad-large.png",
            "__v": 0
        },
        {
            "_id": "61c0c5a71d1f82001bdaaa7a",
            "name": "Сыр с астероидной плесенью",
            "type": "main",
            "proteins": 84,
            "fat": 48,
            "carbohydrates": 420,
            "calories": 3377,
            "price": 4142,
            "image": "https://code.s3.yandex.net/react/code/cheese.png",
            "image_mobile": "https://code.s3.yandex.net/react/code/cheese-mobile.png",
            "image_large": "https://code.s3.yandex.net/react/code/cheese-large.png",
            "__v": 0
        }
    ]
}
]]></system-out>
    <system-err><![CDATA[SLF4J: Failed to load class "org.slf4j.impl.StaticLoggerBinder".
SLF4J: Defaulting to no-operation (NOP) logger implementation
SLF4J: See http://www.slf4j.org/codes.html#StaticLoggerBinder for further details.
]]></system-err>
  </testcase>
  <testcase name="createOrderAuth_expOk_test" classname="CreateOrderTest" time="5.218">
    <system-out><![CDATA[HTTP/1.1 200 OK
Date: Thu, 09 Nov 2023 11:59:29 GMT
Content-Type: application/json; charset=utf-8
Transfer-Encoding: chunked
Connection: keep-alive
X-Powered-By: Express
Access-Control-Allow-Origin: *
authorization: Bearer eyJhbGciOiJIUzI1NiIsInR5cCI6IkpXVCJ9.eyJpZCI6IjY1NGNjOWExOWVkMjgwMDAxYjM3ZGVhZSIsImlhdCI6MTY5OTUzMTE2OSwiZXhwIjoxNjk5NTMyMzY5fQ._pIWJmQDGIMk7bZhbgp1YUAfc0qXaggL2vpiUcGNRjo
ETag: W/"164-MTlTPr4SfT8I/wCp12HXNuItots"
CF-Cache-Status: DYNAMIC
Report-To: {"endpoints":[{"url":"https:\/\/a.nel.cloudflare.com\/report\/v3?s=P3z3IE60Iow%2FCWdN7%2B2LHN62Mb8kLDjCMS9ndklXLY9q7cTtuVjhphI3TN7G73fbbJJG36rChv3zf8EZIVzX9TEdrTtNxUj7Thzp2iX3h5PuN43igiaoh6xHBcWJU5O9dIMpfjITMF%2B3BdMB4VjbHSxJFws%3D"}],"group":"cf-nel","max_age":604800}
NEL: {"success_fraction":0,"report_to":"cf-nel","max_age":604800}
Server: cloudflare
CF-RAY: 8235e3d2ffe566fd-AMS
Content-Encoding: gzip
alt-svc: h3=":443"; ma=86400

{
    "success": true,
    "user": {
        "email": "elenaa@ya.ru",
        "name": "Elena"
    },
    "accessToken": "Bearer eyJhbGciOiJIUzI1NiIsInR5cCI6IkpXVCJ9.eyJpZCI6IjY1NGNjOWExOWVkMjgwMDAxYjM3ZGVhZSIsImlhdCI6MTY5OTUzMTE2OSwiZXhwIjoxNjk5NTMyMzY5fQ._pIWJmQDGIMk7bZhbgp1YUAfc0qXaggL2vpiUcGNRjo",
    "refreshToken": "3c4641ac822a204e8ee60a7182eca8e904ee15ebb5816e6a3d3f7331c04dad2b13598d5ebc0979b9"
}
HTTP/1.1 200 OK
Date: Thu, 09 Nov 2023 11:59:32 GMT
Content-Type: application/json; charset=utf-8
Transfer-Encoding: chunked
Connection: keep-alive
X-Powered-By: Express
Access-Control-Allow-Origin: *
ETag: W/"501-cdKw4MTV7zqmaRiNz3EsXSCxWNk"
CF-Cache-Status: DYNAMIC
Report-To: {"endpoints":[{"url":"https:\/\/a.nel.cloudflare.com\/report\/v3?s=by31fx3dZrHeBdFhec4HNbgtQZ5lxpbQAmNrVZ3NTv6kK0urFt0R9xUZdZi93pzktAah8d3oWsGwP725BNARKxWkf9XinS8W63GjIPUyaTmPnyqq96m4CVJ69XMmZCShg4Fw%2Fp7aDmfEwjpQDlz87xYRogA%3D"}],"group":"cf-nel","max_age":604800}
NEL: {"success_fraction":0,"report_to":"cf-nel","max_age":604800}
Server: cloudflare
CF-RAY: 8235e3e1bc980b53-AMS
Content-Encoding: gzip
alt-svc: h3=":443"; ma=86400

{
    "success": true,
    "name": "Био-марсианский метеоритный бургер",
    "order": {
        "ingredients": [
            {
                "_id": "61c0c5a71d1f82001bdaaa70",
                "name": "Говяжий метеорит (отбивная)",
                "type": "main",
                "proteins": 800,
                "fat": 800,
                "carbohydrates": 300,
                "calories": 2674,
                "price": 3000,
                "image": "https://code.s3.yandex.net/react/code/meat-04.png",
                "image_mobile": "https://code.s3.yandex.net/react/code/meat-04-mobile.png",
                "image_large": "https://code.s3.yandex.net/react/code/meat-04-large.png",
                "__v": 0
            },
            {
                "_id": "61c0c5a71d1f82001bdaaa71",
                "name": "Биокотлета из марсианской Магнолии",
                "type": "main",
                "proteins": 420,
                "fat": 142,
                "carbohydrates": 242,
                "calories": 4242,
                "price": 424,
                "image": "https://code.s3.yandex.net/react/code/meat-01.png",
                "image_mobile": "https://code.s3.yandex.net/react/code/meat-01-mobile.png",
                "image_large": "https://code.s3.yandex.net/react/code/meat-01-large.png",
                "__v": 0
            }
        ],
        "_id": "654cc9a49ed280001b37deb0",
        "owner": {
            "name": "Elena",
            "email": "elenaa@ya.ru",
            "createdAt": "2023-11-09T11:59:29.879Z",
            "updatedAt": "2023-11-09T11:59:29.879Z"
        },
        "status": "done",
        "name": "Био-марсианский метеоритный бургер",
        "createdAt": "2023-11-09T11:59:32.173Z",
        "updatedAt": "2023-11-09T11:59:32.427Z",
        "number": 23886,
        "price": 3424
    }
}
HTTP/1.1 202 Accepted
Date: Thu, 09 Nov 2023 11:59:33 GMT
Content-Type: application/json; charset=utf-8
Content-Length: 54
Connection: keep-alive
X-Powered-By: Express
Access-Control-Allow-Origin: *
ETag: W/"36-hDmZnQ3Ou/ynnqAeC6TYmyseuzY"
CF-Cache-Status: DYNAMIC
Report-To: {"endpoints":[{"url":"https:\/\/a.nel.cloudflare.com\/report\/v3?s=mRVQ%2Bad03b0tLbSWC1VKE%2Bzlf5x1dMeS9e%2F%2BzVBrFkSYucU3kBooWJ2P6bi%2BlJQdDtJQIrC6NOpN%2FIhGJK2TvhKKjjtt4uvpnH3GRDcM5p6zEDgsRdCR4L7PG3v7%2FaC6ZkBZw5OGqqlP9mU16kemn3I9LYs%3D"}],"group":"cf-nel","max_age":604800}
NEL: {"success_fraction":0,"report_to":"cf-nel","max_age":604800}
Server: cloudflare
CF-RAY: 8235e3e84c086709-AMS
alt-svc: h3=":443"; ma=86400

{
    "success": true,
    "message": "User successfully removed"
}
]]></system-out>
  </testcase>
  <testcase name="createOrderAuthNoIngr_expFalse_test" classname="CreateOrderTest" time="2.292">
    <system-out><![CDATA[HTTP/1.1 200 OK
Date: Thu, 09 Nov 2023 11:59:33 GMT
Content-Type: application/json; charset=utf-8
Transfer-Encoding: chunked
Connection: keep-alive
X-Powered-By: Express
Access-Control-Allow-Origin: *
authorization: Bearer eyJhbGciOiJIUzI1NiIsInR5cCI6IkpXVCJ9.eyJpZCI6IjY1NGNjOWE1OWVkMjgwMDAxYjM3ZGViMSIsImlhdCI6MTY5OTUzMTE3MywiZXhwIjoxNjk5NTMyMzczfQ.x-HlIsyYyGiOWjdRxBpQbJW1jydZmoXxeSQeeioCdD8
ETag: W/"164-jVuqbyVbXdjoaGlVB/Gkl8lHMMo"
CF-Cache-Status: DYNAMIC
Report-To: {"endpoints":[{"url":"https:\/\/a.nel.cloudflare.com\/report\/v3?s=y3HCMXm6sFNhnOLIPwITQljT115wRLllW0O%2Bde6hhqktOmpo2qbnanZCKNDvyzQ5oipALHIud2ihI3olP1CvyPbJxjpvtHMeJcyAmP3NC5Y1LOY%2Fv86%2FkvmVFthMOKeq%2FI1sSmj8s26Dj1uy%2FqnuzBjXZA8%3D"}],"group":"cf-nel","max_age":604800}
NEL: {"success_fraction":0,"report_to":"cf-nel","max_age":604800}
Server: cloudflare
CF-RAY: 8235e3eb3d5566be-AMS
Content-Encoding: gzip
alt-svc: h3=":443"; ma=86400

{
    "success": true,
    "user": {
        "email": "elenaa@ya.ru",
        "name": "Elena"
    },
    "accessToken": "Bearer eyJhbGciOiJIUzI1NiIsInR5cCI6IkpXVCJ9.eyJpZCI6IjY1NGNjOWE1OWVkMjgwMDAxYjM3ZGViMSIsImlhdCI6MTY5OTUzMTE3MywiZXhwIjoxNjk5NTMyMzczfQ.x-HlIsyYyGiOWjdRxBpQbJW1jydZmoXxeSQeeioCdD8",
    "refreshToken": "1ba9ac5150f03f069a036db5c26c25abdcabf14f349eb6b24792c7013a00cda6bdf079ace47d6618"
}
HTTP/1.1 400 Bad Request
Date: Thu, 09 Nov 2023 11:59:34 GMT
Content-Type: application/json; charset=utf-8
Content-Length: 61
Connection: keep-alive
X-Powered-By: Express
Access-Control-Allow-Origin: *
ETag: W/"3d-2OjyVsQbcrSKTjJtjBJ5FY7GEPQ"
CF-Cache-Status: DYNAMIC
Report-To: {"endpoints":[{"url":"https:\/\/a.nel.cloudflare.com\/report\/v3?s=R%2BlHaCeKvROm8aadqMmj4k90oD5luQFRkdE6H%2FjzwG6l85lracvr9NyXravgjIeJHJ3sNRvMHJg7mDDSndDFS0dR6h5bEyCWTNNdtbxxSTyYtYSDL44aGo0ry47OXqT8%2Fq4VY%2BJG0z90HFMgQqrhdY6DYOw%3D"}],"group":"cf-nel","max_age":604800}
NEL: {"success_fraction":0,"report_to":"cf-nel","max_age":604800}
Server: cloudflare
CF-RAY: 8235e3ed8f8665fe-AMS
alt-svc: h3=":443"; ma=86400

{
    "success": false,
    "message": "Ingredient ids must be provided"
}
HTTP/1.1 202 Accepted
Date: Thu, 09 Nov 2023 11:59:35 GMT
Content-Type: application/json; charset=utf-8
Content-Length: 54
Connection: keep-alive
X-Powered-By: Express
Access-Control-Allow-Origin: *
ETag: W/"36-hDmZnQ3Ou/ynnqAeC6TYmyseuzY"
CF-Cache-Status: DYNAMIC
Report-To: {"endpoints":[{"url":"https:\/\/a.nel.cloudflare.com\/report\/v3?s=v1l1hkfAX5yHYgdgQMSIZNP6fFtJKK4ByWTGuFI9ZM9df1ySxq3WAAvuQo%2FI1Bg1GxYHjmDogNVDRk%2B2yo3Grawp9XqYmZGIih8drM4%2FzQAgS875Jtu9MxQg%2FMY4KGpjMt9x0hnTXtjfnBYugTzt6a2ZRUU%3D"}],"group":"cf-nel","max_age":604800}
NEL: {"success_fraction":0,"report_to":"cf-nel","max_age":604800}
Server: cloudflare
CF-RAY: 8235e3f64e83d0d1-AMS
alt-svc: h3=":443"; ma=86400

{
    "success": true,
    "message": "User successfully removed"
}
]]></system-out>
  </testcase>
  <testcase name="createOrderAuthIncorrectIng_expOk_test" classname="CreateOrderTest" time="3.441">
    <system-out><![CDATA[HTTP/1.1 200 OK
Date: Thu, 09 Nov 2023 11:59:36 GMT
Content-Type: application/json; charset=utf-8
Transfer-Encoding: chunked
Connection: keep-alive
X-Powered-By: Express
Access-Control-Allow-Origin: *
authorization: Bearer eyJhbGciOiJIUzI1NiIsInR5cCI6IkpXVCJ9.eyJpZCI6IjY1NGNjOWE4OWVkMjgwMDAxYjM3ZGViMyIsImlhdCI6MTY5OTUzMTE3NiwiZXhwIjoxNjk5NTMyMzc2fQ.bFPiSif3eJmc4k9D3i2csxTsMLebZlTgRFfmS3tkaIw
ETag: W/"164-qaRvnPy//1jPuUe5QDw7s7URtUg"
CF-Cache-Status: DYNAMIC
Report-To: {"endpoints":[{"url":"https:\/\/a.nel.cloudflare.com\/report\/v3?s=hEYc3GmgRZVrqydUyFtXfSL6ZlgoWV3p0tOGLBpLXbwxWHSJasLj%2F8J2Pyos%2BJB9CC5UFs4bQjIjP3PO3v93MlhLM%2FR7xqA5O%2FOpSGf7x1sLd%2FDBH%2FURdIvuqapy11xce1p4up%2F4pHjnM9T8vhOSxDZgnTs%3D"}],"group":"cf-nel","max_age":604800}
NEL: {"success_fraction":0,"report_to":"cf-nel","max_age":604800}
Server: cloudflare
CF-RAY: 8235e3f98a006674-AMS
Content-Encoding: gzip
alt-svc: h3=":443"; ma=86400

{
    "success": true,
    "user": {
        "email": "elenaa@ya.ru",
        "name": "Elena"
    },
    "accessToken": "Bearer eyJhbGciOiJIUzI1NiIsInR5cCI6IkpXVCJ9.eyJpZCI6IjY1NGNjOWE4OWVkMjgwMDAxYjM3ZGViMyIsImlhdCI6MTY5OTUzMTE3NiwiZXhwIjoxNjk5NTMyMzc2fQ.bFPiSif3eJmc4k9D3i2csxTsMLebZlTgRFfmS3tkaIw",
    "refreshToken": "87abde9abf86b2248b84e1bb069603675ec194290de6b3d54944052120ade4ffac496647c15c0cad"
}
HTTP/1.1 500 Internal Server Error
Date: Thu, 09 Nov 2023 11:59:37 GMT
Content-Type: text/html; charset=utf-8
Transfer-Encoding: chunked
Connection: keep-alive
X-Powered-By: Express
Access-Control-Allow-Origin: *
Content-Security-Policy: default-src 'none'
X-Content-Type-Options: nosniff
CF-Cache-Status: DYNAMIC
Report-To: {"endpoints":[{"url":"https:\/\/a.nel.cloudflare.com\/report\/v3?s=eXh00iKaqBzc6j4NTGQxD2wb%2BIO9AcgLnNFzvLt9s%2B%2BsKsYeqGxfOYhgP7lHC%2Bm1BhU1FxAsZTqOzdQthn6ni32PKrRzOsDaQu3N2qWx0VATeO1D6wLzg0zpG1AU6hB1xF%2BW28WE30qcQ8uXQwxjkLG43uo%3D"}],"group":"cf-nel","max_age":604800}
NEL: {"success_fraction":0,"report_to":"cf-nel","max_age":604800}
Server: cloudflare
CF-RAY: 8235e4010fa46684-AMS
alt-svc: h3=":443"; ma=86400

<html lang="en">
  <head>
    <meta charset="utf-8"/>
    <title>Error</title>
  </head>
  <body>
    <pre>Internal Server Error</pre>
  </body>
</html>
HTTP/1.1 202 Accepted
Date: Thu, 09 Nov 2023 11:59:39 GMT
Content-Type: application/json; charset=utf-8
Content-Length: 54
Connection: keep-alive
X-Powered-By: Express
Access-Control-Allow-Origin: *
ETag: W/"36-hDmZnQ3Ou/ynnqAeC6TYmyseuzY"
CF-Cache-Status: DYNAMIC
Report-To: {"endpoints":[{"url":"https:\/\/a.nel.cloudflare.com\/report\/v3?s=SiasK3sDXnSnBwUXraln8ec2zQAEvGy34%2BKYCYoUkEjl7f%2BPbwPumgUcCzMbvcnPRP4vd8%2F7B4js24JZXtHGBlvp%2FJJiSwmD3w%2BQPueESuP67Asydyazoe%2FQtp6msn7NlqpiWjQjikzzLZr0UBIp9710pZY%3D"}],"group":"cf-nel","max_age":604800}
NEL: {"success_fraction":0,"report_to":"cf-nel","max_age":604800}
Server: cloudflare
CF-RAY: 8235e40c4a856697-AMS
alt-svc: h3=":443"; ma=86400

{
    "success": true,
    "message": "User successfully removed"
}
]]></system-out>
  </testcase>
  <testcase name="createOrderNoAuth_expFalse_test" classname="CreateOrderTest" time="1.051">
    <failure message="1 expectation failed.&#10;JSON path success doesn&apos;t match.&#10;Expected: is &lt;false&gt;&#10;  Actual: &lt;true&gt;&#10;" type="java.lang.AssertionError"><![CDATA[java.lang.AssertionError: 
1 expectation failed.
JSON path success doesn't match.
Expected: is <false>
  Actual: <true>

	at java.base/jdk.internal.reflect.NativeConstructorAccessorImpl.newInstance0(Native Method)
	at java.base/jdk.internal.reflect.NativeConstructorAccessorImpl.newInstance(NativeConstructorAccessorImpl.java:62)
	at java.base/jdk.internal.reflect.DelegatingConstructorAccessorImpl.newInstance(DelegatingConstructorAccessorImpl.java:45)
	at java.base/java.lang.reflect.Constructor.newInstance(Constructor.java:490)
	at org.codehaus.groovy.reflection.CachedConstructor.invoke(CachedConstructor.java:72)
	at org.codehaus.groovy.reflection.CachedConstructor.doConstructorInvoke(CachedConstructor.java:59)
	at org.codehaus.groovy.runtime.callsite.ConstructorSite$ConstructorSiteNoUnwrap.callConstructor(ConstructorSite.java:84)
	at org.codehaus.groovy.runtime.callsite.CallSiteArray.defaultCallConstructor(CallSiteArray.java:59)
	at org.codehaus.groovy.runtime.callsite.AbstractCallSite.callConstructor(AbstractCallSite.java:263)
	at org.codehaus.groovy.runtime.callsite.AbstractCallSite.callConstructor(AbstractCallSite.java:277)
	at io.restassured.internal.ResponseSpecificationImpl$HamcrestAssertionClosure.validate(ResponseSpecificationImpl.groovy:493)
	at io.restassured.internal.ResponseSpecificationImpl$HamcrestAssertionClosure$validate$1.call(Unknown Source)
	at io.restassured.internal.ResponseSpecificationImpl.validateResponseIfRequired(ResponseSpecificationImpl.groovy:674)
	at java.base/jdk.internal.reflect.NativeMethodAccessorImpl.invoke0(Native Method)
	at java.base/jdk.internal.reflect.NativeMethodAccessorImpl.invoke(NativeMethodAccessorImpl.java:62)
	at java.base/jdk.internal.reflect.DelegatingMethodAccessorImpl.invoke(DelegatingMethodAccessorImpl.java:43)
	at java.base/java.lang.reflect.Method.invoke(Method.java:566)
	at org.codehaus.groovy.runtime.callsite.PlainObjectMetaMethodSite.doInvoke(PlainObjectMetaMethodSite.java:43)
	at org.codehaus.groovy.runtime.callsite.PogoMetaMethodSite$PogoCachedMethodSiteNoUnwrapNoCoerce.invoke(PogoMetaMethodSite.java:193)
	at org.codehaus.groovy.runtime.callsite.PogoMetaMethodSite.callCurrent(PogoMetaMethodSite.java:61)
	at org.codehaus.groovy.runtime.callsite.AbstractCallSite.callCurrent(AbstractCallSite.java:185)
	at io.restassured.internal.ResponseSpecificationImpl.body(ResponseSpecificationImpl.groovy:261)
	at io.restassured.specification.ResponseSpecification$body$0.callCurrent(Unknown Source)
	at io.restassured.internal.ResponseSpecificationImpl.body(ResponseSpecificationImpl.groovy:108)
	at io.restassured.internal.ValidatableResponseOptionsImpl.body(ValidatableResponseOptionsImpl.java:244)
	at io.restassured.internal.ValidatableResponseImpl.super$2$body(ValidatableResponseImpl.groovy)
	at java.base/jdk.internal.reflect.NativeMethodAccessorImpl.invoke0(Native Method)
	at java.base/jdk.internal.reflect.NativeMethodAccessorImpl.invoke(NativeMethodAccessorImpl.java:62)
	at java.base/jdk.internal.reflect.DelegatingMethodAccessorImpl.invoke(DelegatingMethodAccessorImpl.java:43)
	at java.base/java.lang.reflect.Method.invoke(Method.java:566)
	at org.codehaus.groovy.reflection.CachedMethod.invoke(CachedMethod.java:107)
	at groovy.lang.MetaMethod.doMethodInvoke(MetaMethod.java:323)
	at groovy.lang.MetaClassImpl.invokeMethod(MetaClassImpl.java:1268)
	at org.codehaus.groovy.runtime.ScriptBytecodeAdapter.invokeMethodOnSuperN(ScriptBytecodeAdapter.java:144)
	at io.restassured.internal.ValidatableResponseImpl.body(ValidatableResponseImpl.groovy:298)
	at io.restassured.internal.ValidatableResponseImpl.body(ValidatableResponseImpl.groovy)
	at CreateOrderTest.createOrderNoAuth_expFalse_test(CreateOrderTest.java:49)
	at java.base/jdk.internal.reflect.NativeMethodAccessorImpl.invoke0(Native Method)
	at java.base/jdk.internal.reflect.NativeMethodAccessorImpl.invoke(NativeMethodAccessorImpl.java:62)
	at java.base/jdk.internal.reflect.DelegatingMethodAccessorImpl.invoke(DelegatingMethodAccessorImpl.java:43)
	at java.base/java.lang.reflect.Method.invoke(Method.java:566)
	at org.junit.runners.model.FrameworkMethod$1.runReflectiveCall(FrameworkMethod.java:59)
	at org.junit.internal.runners.model.ReflectiveCallable.run(ReflectiveCallable.java:12)
	at org.junit.runners.model.FrameworkMethod.invokeExplosively(FrameworkMethod.java:56)
	at org.junit.internal.runners.statements.InvokeMethod.evaluate(InvokeMethod.java:17)
	at org.junit.internal.runners.statements.RunBefores.evaluate(RunBefores.java:26)
	at org.junit.internal.runners.statements.RunAfters.evaluate(RunAfters.java:27)
	at org.junit.runners.ParentRunner$3.evaluate(ParentRunner.java:306)
	at org.junit.runners.BlockJUnit4ClassRunner$1.evaluate(BlockJUnit4ClassRunner.java:100)
	at org.junit.runners.ParentRunner.runLeaf(ParentRunner.java:366)
	at org.junit.runners.BlockJUnit4ClassRunner.runChild(BlockJUnit4ClassRunner.java:103)
	at org.junit.runners.BlockJUnit4ClassRunner.runChild(BlockJUnit4ClassRunner.java:63)
	at org.junit.runners.ParentRunner$4.run(ParentRunner.java:331)
	at org.junit.runners.ParentRunner$1.schedule(ParentRunner.java:79)
	at org.junit.runners.ParentRunner.runChildren(ParentRunner.java:329)
	at org.junit.runners.ParentRunner.access$100(ParentRunner.java:66)
	at org.junit.runners.ParentRunner$2.evaluate(ParentRunner.java:293)
	at org.junit.runners.ParentRunner$3.evaluate(ParentRunner.java:306)
	at org.junit.runners.ParentRunner.run(ParentRunner.java:413)
	at org.apache.maven.surefire.junit4.JUnit4Provider.execute(JUnit4Provider.java:316)
	at org.apache.maven.surefire.junit4.JUnit4Provider.executeWithRerun(JUnit4Provider.java:240)
	at org.apache.maven.surefire.junit4.JUnit4Provider.executeTestSet(JUnit4Provider.java:214)
	at org.apache.maven.surefire.junit4.JUnit4Provider.invoke(JUnit4Provider.java:155)
	at org.apache.maven.surefire.booter.ForkedBooter.runSuitesInProcess(ForkedBooter.java:385)
	at org.apache.maven.surefire.booter.ForkedBooter.execute(ForkedBooter.java:162)
	at org.apache.maven.surefire.booter.ForkedBooter.run(ForkedBooter.java:507)
	at org.apache.maven.surefire.booter.ForkedBooter.main(ForkedBooter.java:495)
]]></failure>
    <system-out><![CDATA[HTTP/1.1 200 OK
Date: Thu, 09 Nov 2023 11:59:39 GMT
Content-Type: application/json; charset=utf-8
Transfer-Encoding: chunked
Connection: keep-alive
X-Powered-By: Express
Access-Control-Allow-Origin: *
ETag: W/"73-VGTG3Oauhm7hHObmfPr3jncI2y0"
CF-Cache-Status: DYNAMIC
Report-To: {"endpoints":[{"url":"https:\/\/a.nel.cloudflare.com\/report\/v3?s=EKUzG1IAfaqREawfcfp0tVMlI3NabQ1DY5%2B411eRyUqhl2Vl0Y6S1cgGQQmOnLLFpPW1WR6KbdD%2BRKHM2jxDAIFh1qJAhLLE6umSrTlKSxE24J%2Bisje%2F%2BKGY9dXm9zHaxx2hxss9k63cl9c6KdnoZaZz7WI%3D"}],"group":"cf-nel","max_age":604800}
NEL: {"success_fraction":0,"report_to":"cf-nel","max_age":604800}
Server: cloudflare
CF-RAY: 8235e40fbe5a668b-AMS
Content-Encoding: gzip
alt-svc: h3=":443"; ma=86400

{
    "success": true,
    "name": "Био-марсианский метеоритный бургер",
    "order": {
        "number": 8508
    }
}
HTTP/1.1 401 Unauthorized
Date: Thu, 09 Nov 2023 11:59:40 GMT
Content-Type: application/json; charset=utf-8
Content-Length: 54
Connection: keep-alive
X-Powered-By: Express
Access-Control-Allow-Origin: *
ETag: W/"36-9ndkQYJpZ8s0sMN790Nuh0MLq/U"
CF-Cache-Status: DYNAMIC
Report-To: {"endpoints":[{"url":"https:\/\/a.nel.cloudflare.com\/report\/v3?s=gexV63VYjZac6xe9ufwKZMis10yqntvO7QnfO995o8dIoygxHgNBs2KipMFisy%2BBkN0UDv0pzNW4wY%2FsD9JdN4uAm%2BSw0YehN2e2WHm8299hJHl7Trdsg%2B%2B%2BUrebVotflJ9qjMf98SS65WQUkMAtNesS6dI%3D"}],"group":"cf-nel","max_age":604800}
NEL: {"success_fraction":0,"report_to":"cf-nel","max_age":604800}
Server: cloudflare
CF-RAY: 8235e413fb5c66d3-AMS
alt-svc: h3=":443"; ma=86400

{
    "success": false,
    "message": "You should be authorised"
}
]]></system-out>
  </testcase>
</testsuite>